<?xml version="1.0" encoding="UTF-8"?>
<testng-results skipped="0" failed="0" total="1" passed="1">
  <reporter-output>
  </reporter-output>
  <suite name="Default suite" duration-ms="43292" started-at="2020-12-01T05:18:05Z" finished-at="2020-12-01T05:18:48Z">
    <groups>
    </groups>
    <test name="Default test" duration-ms="43292" started-at="2020-12-01T05:18:05Z" finished-at="2020-12-01T05:18:48Z">
      <class name="Smoke_Test.Single_Card_Creation">
        <test-method status="PASS" signature="Single_Card()[pri:0, instance:Smoke_Test.Single_Card_Creation@4fb61f4a]" name="Single_Card" duration-ms="43276" started-at="2020-12-01T10:48:05Z" finished-at="2020-12-01T10:48:48Z">
          <reporter-output>
          </reporter-output>
        </test-method> <!-- Single_Card -->
      </class> <!-- Smoke_Test.Single_Card_Creation -->
    </test> <!-- Default test -->
  </suite> <!-- Default suite -->
</testng-results>
